<?xml version="1.0" encoding="UTF-8" standalone="yes"?>
<ns2:test-suite start="1595503215612" stop="1595504135486" version="1.5.4" xmlns:ns2="urn:model.allure.qatools.yandex.ru">
    <name>Default suite : Default test</name>
    <title>Default suite : Default test</title>
    <test-cases>
        <test-case start="1595503215634" stop="1595503215638" status="pending">
            <name>Smoke_Test_amazon_aax_Dailydetails_Day12adcall</name>
            <title>Verifying amazon Slot Id for daily details day12  ad calll</title>
            <description></description>
            <failure>
                <message>Test not implemented yet</message>
                <stack-trace>There are no stack trace</stack-trace>
            </failure>
            <steps/>
            <attachments/>
            <labels>
                <label name="host" value="Aswinikumars-MacBook-Pro.local"/>
                <label name="thread" value="3893@Aswinikumars-MacBook-Pro.local.main(1)"/>
            </labels>
        </test-case>
        <test-case start="1595503215638" stop="1595503215638" status="pending">
            <name>Smoke_Test_Verifying_newdailydetails_day5adcall</name>
            <title>Verifying new daily details day5 ad call</title>
            <description></description>
            <failure>
                <message>Test not implemented yet</message>
                <stack-trace>There are no stack trace</stack-trace>
            </failure>
            <steps/>
            <attachments/>
            <labels>
                <label name="host" value="Aswinikumars-MacBook-Pro.local"/>
                <label name="thread" value="3893@Aswinikumars-MacBook-Pro.local.main(1)"/>
            </labels>
        </test-case>
        <test-case start="1595503215638" stop="1595503215638" status="pending">
            <name>Smoke_Test_amazon_aax_Dailydetails_Day6adcall</name>
            <title>Verifying amazon Slot Id for daily details day6 ad calll</title>
            <description></description>
            <failure>
                <message>Test not implemented yet</message>
                <stack-trace>There are no stack trace</stack-trace>
            </failure>
            <steps/>
            <attachments/>
            <labels>
                <label name="host" value="Aswinikumars-MacBook-Pro.local"/>
                <label name="thread" value="3893@Aswinikumars-MacBook-Pro.local.main(1)"/>
            </labels>
        </test-case>
        <test-case start="1595503215638" stop="1595503215638" status="pending">
            <name>Smoke_Test_amazon_aax_Dailydetails_Day4adcall</name>
            <title>Verifying amazon Slot Id for daily details day4 ad calll</title>
            <description></description>
            <failure>
                <message>Test not implemented yet</message>
                <stack-trace>There are no stack trace</stack-trace>
            </failure>
            <steps/>
            <attachments/>
            <labels>
                <label name="host" value="Aswinikumars-MacBook-Pro.local"/>
                <label name="thread" value="3893@Aswinikumars-MacBook-Pro.local.main(1)"/>
            </labels>
        </test-case>
        <test-case start="1595503215638" stop="1595503215638" status="pending">
            <name>Smoke_Test_amazon_aax_Dailydetails_Day11adcall</name>
            <title>Verifying amazon Slot Id for daily details day11  ad calll</title>
            <description></description>
            <failure>
                <message>Test not implemented yet</message>
                <stack-trace>There are no stack trace</stack-trace>
            </failure>
            <steps/>
            <attachments/>
            <labels>
                <label name="host" value="Aswinikumars-MacBook-Pro.local"/>
                <label name="thread" value="3893@Aswinikumars-MacBook-Pro.local.main(1)"/>
            </labels>
        </test-case>
        <test-case start="1595503215639" stop="1595503215639" status="pending">
            <name>Smoke_Test_amazon_aax_Dailydetails_Day5adcall</name>
            <title>Verifying amazon Slot Id for daily details day5 ad calll</title>
            <description></description>
            <failure>
                <message>Test not implemented yet</message>
                <stack-trace>There are no stack trace</stack-trace>
            </failure>
            <steps/>
            <attachments/>
            <labels>
                <label name="host" value="Aswinikumars-MacBook-Pro.local"/>
                <label name="thread" value="3893@Aswinikumars-MacBook-Pro.local.main(1)"/>
            </labels>
        </test-case>
        <test-case start="1595503215639" stop="1595503215639" status="pending">
            <name>Smoke_Test_amazon_aax_Dailydetails_Day15adcall</name>
            <title>Verifying amazon Slot Id for daily details day15  ad calll</title>
            <description></description>
            <failure>
                <message>Test not implemented yet</message>
                <stack-trace>There are no stack trace</stack-trace>
            </failure>
            <steps/>
            <attachments/>
            <labels>
                <label name="host" value="Aswinikumars-MacBook-Pro.local"/>
                <label name="thread" value="3893@Aswinikumars-MacBook-Pro.local.main(1)"/>
            </labels>
        </test-case>
        <test-case start="1595503215639" stop="1595503215639" status="pending">
            <name>Smoke_Test_amazon_aax_Dailydetails_Day9adcall</name>
            <title>Verifying amazon Slot Id for daily details day9 ad calll</title>
            <description></description>
            <failure>
                <message>Test not implemented yet</message>
                <stack-trace>There are no stack trace</stack-trace>
            </failure>
            <steps/>
            <attachments/>
            <labels>
                <label name="host" value="Aswinikumars-MacBook-Pro.local"/>
                <label name="thread" value="3893@Aswinikumars-MacBook-Pro.local.main(1)"/>
            </labels>
        </test-case>
        <test-case start="1595503215639" stop="1595503215639" status="pending">
            <name>Smoke_Test_amazon_aax_Dailydetails_Day10adcall</name>
            <title>Verifying amazon Slot Id for daily details day10  ad calll</title>
            <description></description>
            <failure>
                <message>Test not implemented yet</message>
                <stack-trace>There are no stack trace</stack-trace>
            </failure>
            <steps/>
            <attachments/>
            <labels>
                <label name="host" value="Aswinikumars-MacBook-Pro.local"/>
                <label name="thread" value="3893@Aswinikumars-MacBook-Pro.local.main(1)"/>
            </labels>
        </test-case>
        <test-case start="1595503215639" stop="1595503215639" status="pending">
            <name>Smoke_Test_amazon_aax_Dailydetails_Day2adcall</name>
            <title>Verifying amazon Slot Id for daily details day2 ad calll</title>
            <description></description>
            <failure>
                <message>Test not implemented yet</message>
                <stack-trace>There are no stack trace</stack-trace>
            </failure>
            <steps/>
            <attachments/>
            <labels>
                <label name="host" value="Aswinikumars-MacBook-Pro.local"/>
                <label name="thread" value="3893@Aswinikumars-MacBook-Pro.local.main(1)"/>
            </labels>
        </test-case>
        <test-case start="1595503215639" stop="1595503215639" status="pending">
            <name>Smoke_Test_amazon_aax_Dailydetails_Day14adcall</name>
            <title>Verifying amazon Slot Id for daily details day14  ad calll</title>
            <description></description>
            <failure>
                <message>Test not implemented yet</message>
                <stack-trace>There are no stack trace</stack-trace>
            </failure>
            <steps/>
            <attachments/>
            <labels>
                <label name="host" value="Aswinikumars-MacBook-Pro.local"/>
                <label name="thread" value="3893@Aswinikumars-MacBook-Pro.local.main(1)"/>
            </labels>
        </test-case>
        <test-case start="1595503215639" stop="1595503215639" status="pending">
            <name>Smoke_Test_amazon_aax_Dailydetails_Day13adcall</name>
            <title>Verifying amazon Slot Id for daily details day13  ad calll</title>
            <description></description>
            <failure>
                <message>Test not implemented yet</message>
                <stack-trace>There are no stack trace</stack-trace>
            </failure>
            <steps/>
            <attachments/>
            <labels>
                <label name="host" value="Aswinikumars-MacBook-Pro.local"/>
                <label name="thread" value="3893@Aswinikumars-MacBook-Pro.local.main(1)"/>
            </labels>
        </test-case>
        <test-case start="1595503215639" stop="1595503215639" status="pending">
            <name>Smoke_Test_amazon_aax_Daily_details_Day1_adcall</name>
            <title>Verifying amazon Slot Id for daily details day1 ad calll</title>
            <description></description>
            <failure>
                <message>Test not implemented yet</message>
                <stack-trace>There are no stack trace</stack-trace>
            </failure>
            <steps/>
            <attachments/>
            <labels>
                <label name="host" value="Aswinikumars-MacBook-Pro.local"/>
                <label name="thread" value="3893@Aswinikumars-MacBook-Pro.local.main(1)"/>
            </labels>
        </test-case>
        <test-case start="1595503215639" stop="1595503215639" status="pending">
            <name>Smoke_Test_amazon_aax_Dailydetails_Day8adcall</name>
            <title>Verifying amazon Slot Id for daily details day8 ad calll</title>
            <description></description>
            <failure>
                <message>Test not implemented yet</message>
                <stack-trace>There are no stack trace</stack-trace>
            </failure>
            <steps/>
            <attachments/>
            <labels>
                <label name="host" value="Aswinikumars-MacBook-Pro.local"/>
                <label name="thread" value="3893@Aswinikumars-MacBook-Pro.local.main(1)"/>
            </labels>
        </test-case>
        <test-case start="1595503215640" stop="1595503215640" status="pending">
            <name>Smoke_Test_amazon_aax_Dailydetails_Day3adcall</name>
            <title>Verifying amazon Slot Id for daily details day3 ad calll</title>
            <description></description>
            <failure>
                <message>Test not implemented yet</message>
                <stack-trace>There are no stack trace</stack-trace>
            </failure>
            <steps/>
            <attachments/>
            <labels>
                <label name="host" value="Aswinikumars-MacBook-Pro.local"/>
                <label name="thread" value="3893@Aswinikumars-MacBook-Pro.local.main(1)"/>
            </labels>
        </test-case>
        <test-case start="1595503215640" stop="1595503215640" status="pending">
            <name>Smoke_Test_amazon_aax_Dailydetails_Day7adcall</name>
            <title>Verifying amazon Slot Id for daily details day7 ad calll</title>
            <description></description>
            <failure>
                <message>Test not implemented yet</message>
                <stack-trace>There are no stack trace</stack-trace>
            </failure>
            <steps/>
            <attachments/>
            <labels>
                <label name="host" value="Aswinikumars-MacBook-Pro.local"/>
                <label name="thread" value="3893@Aswinikumars-MacBook-Pro.local.main(1)"/>
            </labels>
        </test-case>
        <test-case start="1595503553190" stop="1595503650115" status="broken">
            <name>Smoke_Test_Verifying_newdailydetails_day1adcall</name>
            <title>Verifying new daily details day1 ad call</title>
            <description></description>
            <failure>
                <message>NullPointerException: null</message>
                <stack-trace>java.lang.NullPointerException
	at twc.Automation.General.Functions.verifyingdailydetailiu(Functions.java:5116)
	at twc.Automation.SmokeTestCases.smokeTestCases.Smoke_Test_Verifying_newdailydetails_day1adcall(smokeTestCases.java:762)
	at sun.reflect.NativeMethodAccessorImpl.invoke0(Native Method)
	at sun.reflect.NativeMethodAccessorImpl.invoke(NativeMethodAccessorImpl.java:62)
	at sun.reflect.DelegatingMethodAccessorImpl.invoke(DelegatingMethodAccessorImpl.java:43)
	at java.lang.reflect.Method.invoke(Method.java:498)
	at org.testng.internal.MethodInvocationHelper.invokeMethod(MethodInvocationHelper.java:133)
	at org.testng.internal.TestInvoker.invokeMethod(TestInvoker.java:584)
	at org.testng.internal.TestInvoker.invokeTestMethod(TestInvoker.java:172)
	at org.testng.internal.MethodRunner.runInSequence(MethodRunner.java:46)
	at org.testng.internal.TestInvoker$MethodInvocationAgent.invoke(TestInvoker.java:804)
	at org.testng.internal.TestInvoker.invokeTestMethods(TestInvoker.java:145)
	at org.testng.internal.TestMethodWorker.invokeTestMethods(TestMethodWorker.java:146)
	at org.testng.internal.TestMethodWorker.run(TestMethodWorker.java:128)
	at java.util.ArrayList.forEach(ArrayList.java:1257)
	at org.testng.TestRunner.privateRun(TestRunner.java:770)
	at org.testng.TestRunner.run(TestRunner.java:591)
	at org.testng.SuiteRunner.runTest(SuiteRunner.java:402)
	at org.testng.SuiteRunner.runSequentially(SuiteRunner.java:396)
	at org.testng.SuiteRunner.privateRun(SuiteRunner.java:355)
	at org.testng.SuiteRunner.run(SuiteRunner.java:304)
	at org.testng.SuiteRunnerWorker.runSuite(SuiteRunnerWorker.java:53)
	at org.testng.SuiteRunnerWorker.run(SuiteRunnerWorker.java:96)
	at org.testng.TestNG.runSuitesSequentially(TestNG.java:1180)
	at org.testng.TestNG.runSuitesLocally(TestNG.java:1102)
	at org.testng.TestNG.runSuites(TestNG.java:1032)
	at org.testng.TestNG.run(TestNG.java:1000)
	at org.testng.remote.AbstractRemoteTestNG.run(AbstractRemoteTestNG.java:115)
	at org.testng.remote.RemoteTestNG.initAndRun(RemoteTestNG.java:251)
	at org.testng.remote.RemoteTestNG.main(RemoteTestNG.java:77)
</stack-trace>
            </failure>
            <steps>
                <step start="1595503428164" stop="1595503428165" status="passed">
                    <name>logStep[Deleted all the files in the specified folder]</name>
                    <title>Deleted all the files in the specified folder</title>
                </step>
                <step start="1595503536126" stop="1595503536126" status="passed">
                    <name>logStep[Clicking on View More]</name>
                    <title>Clicking on View More</title>
                </step>
                <step start="1595503536598" stop="1595503536598" status="passed">
                    <name>logStep[Clicking on About this App]</name>
                    <title>Clicking on About this App</title>
                </step>
                <step start="1595503557300" stop="1595503557300" status="passed">
                    <name>logStep[Deleted all the files in the specified folder]</name>
                    <title>Deleted all the files in the specified folder</title>
                </step>
                <step start="1595503563823" stop="1595503563823" status="passed">
                    <name>logStep[clicking on daily]</name>
                    <title>clicking on daily</title>
                </step>
                <step start="1595503619635" stop="1595503619635" status="passed">
                    <name>logStep[checking for any popup presented on screen]</name>
                    <title>checking for any popup presented on screen</title>
                </step>
                <step start="1595503630783" stop="1595503630783" status="passed">
                    <name>logStep[no popup is presented on the screen]</name>
                    <title>no popup is presented on the screen</title>
                </step>
                <step start="1595503633794" stop="1595503633794" status="passed">
                    <name>logStep[Exporting The Session Data Into XML File]</name>
                    <title>Exporting The Session Data Into XML File</title>
                </step>
                <step start="1595503649377" stop="1595503649377" status="passed">
                    <name>logStep[Exported Session]</name>
                    <title>Exported Session</title>
                </step>
                <step start="1595503649794" stop="1595503649794" status="passed">
                    <name>logStep[Checking iu from charles data]</name>
                    <title>Checking iu from charles data</title>
                </step>
                <step start="1595503649794" stop="1595503649794" status="passed">
                    <name>logStep[iu value should not be null]</name>
                    <title>iu value should not be null</title>
                </step>
                <step start="1595503649801" stop="1595503649801" status="passed">
                    <name>logStep[retriving the day from the UI]</name>
                    <title>retriving the day from the UI</title>
                </step>
                <step start="1595503650110" stop="1595503650110" status="passed">
                    <name>logStep[day from the UI is thu1]</name>
                    <title>day from the UI is thu1</title>
                </step>
                <step start="1595503650110" stop="1595503650110" status="passed">
                    <name>logStep[Verifying the chales data is matched with UI]</name>
                    <title>Verifying the chales data is matched with UI</title>
                </step>
            </steps>
            <attachments/>
            <labels>
                <label name="testSuite" value="Default suite"/>
                <label name="testGroup" value="Default test"/>
                <label name="testClass" value="twc.Automation.SmokeTestCases.smokeTestCases"/>
                <label name="testMethod" value="Smoke_Test_Verifying_newdailydetails_day1adcall"/>
                <label name="host" value="Aswinikumars-MacBook-Pro.local"/>
                <label name="thread" value="3893@Aswinikumars-MacBook-Pro.local.main(1)"/>
            </labels>
        </test-case>
        <test-case start="1595503650120" stop="1595503684093" status="broken">
            <name>Smoke_Test_Verifying_newdailydetails_day2adcall</name>
            <title>Verifying new daily details day2 ad call</title>
            <description></description>
            <failure>
                <message>NullPointerException: null</message>
                <stack-trace>java.lang.NullPointerException
	at twc.Automation.General.Functions.verifyingdailydetailiu(Functions.java:5116)
	at twc.Automation.SmokeTestCases.smokeTestCases.Smoke_Test_Verifying_newdailydetails_day2adcall(smokeTestCases.java:787)
	at sun.reflect.NativeMethodAccessorImpl.invoke0(Native Method)
	at sun.reflect.NativeMethodAccessorImpl.invoke(NativeMethodAccessorImpl.java:62)
	at sun.reflect.DelegatingMethodAccessorImpl.invoke(DelegatingMethodAccessorImpl.java:43)
	at java.lang.reflect.Method.invoke(Method.java:498)
	at org.testng.internal.MethodInvocationHelper.invokeMethod(MethodInvocationHelper.java:133)
	at org.testng.internal.TestInvoker.invokeMethod(TestInvoker.java:584)
	at org.testng.internal.TestInvoker.invokeTestMethod(TestInvoker.java:172)
	at org.testng.internal.MethodRunner.runInSequence(MethodRunner.java:46)
	at org.testng.internal.TestInvoker$MethodInvocationAgent.invoke(TestInvoker.java:804)
	at org.testng.internal.TestInvoker.invokeTestMethods(TestInvoker.java:145)
	at org.testng.internal.TestMethodWorker.invokeTestMethods(TestMethodWorker.java:146)
	at org.testng.internal.TestMethodWorker.run(TestMethodWorker.java:128)
	at java.util.ArrayList.forEach(ArrayList.java:1257)
	at org.testng.TestRunner.privateRun(TestRunner.java:770)
	at org.testng.TestRunner.run(TestRunner.java:591)
	at org.testng.SuiteRunner.runTest(SuiteRunner.java:402)
	at org.testng.SuiteRunner.runSequentially(SuiteRunner.java:396)
	at org.testng.SuiteRunner.privateRun(SuiteRunner.java:355)
	at org.testng.SuiteRunner.run(SuiteRunner.java:304)
	at org.testng.SuiteRunnerWorker.runSuite(SuiteRunnerWorker.java:53)
	at org.testng.SuiteRunnerWorker.run(SuiteRunnerWorker.java:96)
	at org.testng.TestNG.runSuitesSequentially(TestNG.java:1180)
	at org.testng.TestNG.runSuitesLocally(TestNG.java:1102)
	at org.testng.TestNG.runSuites(TestNG.java:1032)
	at org.testng.TestNG.run(TestNG.java:1000)
	at org.testng.remote.AbstractRemoteTestNG.run(AbstractRemoteTestNG.java:115)
	at org.testng.remote.RemoteTestNG.initAndRun(RemoteTestNG.java:251)
	at org.testng.remote.RemoteTestNG.main(RemoteTestNG.java:77)
</stack-trace>
            </failure>
            <steps>
                <step start="1595503652231" stop="1595503652231" status="passed">
                    <name>logStep[Deleted all the files in the specified folder]</name>
                    <title>Deleted all the files in the specified folder</title>
                </step>
                <step start="1595503658738" stop="1595503658738" status="passed">
                    <name>logStep[Clicking  on day2]</name>
                    <title>Clicking  on day2</title>
                </step>
                <step start="1595503668433" stop="1595503668433" status="passed">
                    <name>logStep[Exporting The Session Data Into XML File]</name>
                    <title>Exporting The Session Data Into XML File</title>
                </step>
                <step start="1595503683527" stop="1595503683527" status="passed">
                    <name>logStep[Exported Session]</name>
                    <title>Exported Session</title>
                </step>
                <step start="1595503683781" stop="1595503683781" status="passed">
                    <name>logStep[Checking iu from charles data]</name>
                    <title>Checking iu from charles data</title>
                </step>
                <step start="1595503683781" stop="1595503683781" status="passed">
                    <name>logStep[iu value should not be null]</name>
                    <title>iu value should not be null</title>
                </step>
                <step start="1595503683784" stop="1595503683784" status="passed">
                    <name>logStep[retriving the day from the UI]</name>
                    <title>retriving the day from the UI</title>
                </step>
                <step start="1595503684091" stop="1595503684091" status="passed">
                    <name>logStep[day from the UI is fri1]</name>
                    <title>day from the UI is fri1</title>
                </step>
                <step start="1595503684091" stop="1595503684091" status="passed">
                    <name>logStep[Verifying the chales data is matched with UI]</name>
                    <title>Verifying the chales data is matched with UI</title>
                </step>
            </steps>
            <attachments/>
            <labels>
                <label name="testSuite" value="Default suite"/>
                <label name="testGroup" value="Default test"/>
                <label name="testClass" value="twc.Automation.SmokeTestCases.smokeTestCases"/>
                <label name="testMethod" value="Smoke_Test_Verifying_newdailydetails_day2adcall"/>
                <label name="host" value="Aswinikumars-MacBook-Pro.local"/>
                <label name="thread" value="3893@Aswinikumars-MacBook-Pro.local.main(1)"/>
            </labels>
        </test-case>
        <test-case start="1595503684096" stop="1595503718208" status="broken">
            <name>Smoke_Test_Verifying_newdailydetails_day3adcall</name>
            <title>Verifying new daily details day3 ad call</title>
            <description></description>
            <failure>
                <message>NullPointerException: null</message>
                <stack-trace>java.lang.NullPointerException
	at twc.Automation.General.Functions.verifyingdailydetailiu(Functions.java:5116)
	at twc.Automation.SmokeTestCases.smokeTestCases.Smoke_Test_Verifying_newdailydetails_day3adcall(smokeTestCases.java:814)
	at sun.reflect.NativeMethodAccessorImpl.invoke0(Native Method)
	at sun.reflect.NativeMethodAccessorImpl.invoke(NativeMethodAccessorImpl.java:62)
	at sun.reflect.DelegatingMethodAccessorImpl.invoke(DelegatingMethodAccessorImpl.java:43)
	at java.lang.reflect.Method.invoke(Method.java:498)
	at org.testng.internal.MethodInvocationHelper.invokeMethod(MethodInvocationHelper.java:133)
	at org.testng.internal.TestInvoker.invokeMethod(TestInvoker.java:584)
	at org.testng.internal.TestInvoker.invokeTestMethod(TestInvoker.java:172)
	at org.testng.internal.MethodRunner.runInSequence(MethodRunner.java:46)
	at org.testng.internal.TestInvoker$MethodInvocationAgent.invoke(TestInvoker.java:804)
	at org.testng.internal.TestInvoker.invokeTestMethods(TestInvoker.java:145)
	at org.testng.internal.TestMethodWorker.invokeTestMethods(TestMethodWorker.java:146)
	at org.testng.internal.TestMethodWorker.run(TestMethodWorker.java:128)
	at java.util.ArrayList.forEach(ArrayList.java:1257)
	at org.testng.TestRunner.privateRun(TestRunner.java:770)
	at org.testng.TestRunner.run(TestRunner.java:591)
	at org.testng.SuiteRunner.runTest(SuiteRunner.java:402)
	at org.testng.SuiteRunner.runSequentially(SuiteRunner.java:396)
	at org.testng.SuiteRunner.privateRun(SuiteRunner.java:355)
	at org.testng.SuiteRunner.run(SuiteRunner.java:304)
	at org.testng.SuiteRunnerWorker.runSuite(SuiteRunnerWorker.java:53)
	at org.testng.SuiteRunnerWorker.run(SuiteRunnerWorker.java:96)
	at org.testng.TestNG.runSuitesSequentially(TestNG.java:1180)
	at org.testng.TestNG.runSuitesLocally(TestNG.java:1102)
	at org.testng.TestNG.runSuites(TestNG.java:1032)
	at org.testng.TestNG.run(TestNG.java:1000)
	at org.testng.remote.AbstractRemoteTestNG.run(AbstractRemoteTestNG.java:115)
	at org.testng.remote.RemoteTestNG.initAndRun(RemoteTestNG.java:251)
	at org.testng.remote.RemoteTestNG.main(RemoteTestNG.java:77)
</stack-trace>
            </failure>
            <steps>
                <step start="1595503686235" stop="1595503686235" status="passed">
                    <name>logStep[Deleted all the files in the specified folder]</name>
                    <title>Deleted all the files in the specified folder</title>
                </step>
                <step start="1595503692826" stop="1595503692826" status="passed">
                    <name>logStep[Clicking  on day3]</name>
                    <title>Clicking  on day3</title>
                </step>
                <step start="1595503702515" stop="1595503702515" status="passed">
                    <name>logStep[Exporting The Session Data Into XML File]</name>
                    <title>Exporting The Session Data Into XML File</title>
                </step>
                <step start="1595503717617" stop="1595503717617" status="passed">
                    <name>logStep[Exported Session]</name>
                    <title>Exported Session</title>
                </step>
                <step start="1595503718032" stop="1595503718032" status="passed">
                    <name>logStep[Checking iu from charles data]</name>
                    <title>Checking iu from charles data</title>
                </step>
                <step start="1595503718033" stop="1595503718033" status="passed">
                    <name>logStep[iu value should not be null]</name>
                    <title>iu value should not be null</title>
                </step>
                <step start="1595503718037" stop="1595503718037" status="passed">
                    <name>logStep[retriving the day from the UI]</name>
                    <title>retriving the day from the UI</title>
                </step>
                <step start="1595503718205" stop="1595503718205" status="passed">
                    <name>logStep[day from the UI is sat1]</name>
                    <title>day from the UI is sat1</title>
                </step>
                <step start="1595503718206" stop="1595503718206" status="passed">
                    <name>logStep[Verifying the chales data is matched with UI]</name>
                    <title>Verifying the chales data is matched with UI</title>
                </step>
            </steps>
            <attachments/>
            <labels>
                <label name="testSuite" value="Default suite"/>
                <label name="testGroup" value="Default test"/>
                <label name="testClass" value="twc.Automation.SmokeTestCases.smokeTestCases"/>
                <label name="testMethod" value="Smoke_Test_Verifying_newdailydetails_day3adcall"/>
                <label name="host" value="Aswinikumars-MacBook-Pro.local"/>
                <label name="thread" value="3893@Aswinikumars-MacBook-Pro.local.main(1)"/>
            </labels>
        </test-case>
        <test-case start="1595503718214" stop="1595503752648" status="broken">
            <name>Smoke_Test_Verifying_newdailydetails_day4adcall</name>
            <title>Verifying new daily details day4 ad call</title>
            <description></description>
            <failure>
                <message>NullPointerException: null</message>
                <stack-trace>java.lang.NullPointerException
	at twc.Automation.General.Functions.verifyingdailydetailiu(Functions.java:5116)
	at twc.Automation.SmokeTestCases.smokeTestCases.Smoke_Test_Verifying_newdailydetails_day4adcall(smokeTestCases.java:841)
	at sun.reflect.NativeMethodAccessorImpl.invoke0(Native Method)
	at sun.reflect.NativeMethodAccessorImpl.invoke(NativeMethodAccessorImpl.java:62)
	at sun.reflect.DelegatingMethodAccessorImpl.invoke(DelegatingMethodAccessorImpl.java:43)
	at java.lang.reflect.Method.invoke(Method.java:498)
	at org.testng.internal.MethodInvocationHelper.invokeMethod(MethodInvocationHelper.java:133)
	at org.testng.internal.TestInvoker.invokeMethod(TestInvoker.java:584)
	at org.testng.internal.TestInvoker.invokeTestMethod(TestInvoker.java:172)
	at org.testng.internal.MethodRunner.runInSequence(MethodRunner.java:46)
	at org.testng.internal.TestInvoker$MethodInvocationAgent.invoke(TestInvoker.java:804)
	at org.testng.internal.TestInvoker.invokeTestMethods(TestInvoker.java:145)
	at org.testng.internal.TestMethodWorker.invokeTestMethods(TestMethodWorker.java:146)
	at org.testng.internal.TestMethodWorker.run(TestMethodWorker.java:128)
	at java.util.ArrayList.forEach(ArrayList.java:1257)
	at org.testng.TestRunner.privateRun(TestRunner.java:770)
	at org.testng.TestRunner.run(TestRunner.java:591)
	at org.testng.SuiteRunner.runTest(SuiteRunner.java:402)
	at org.testng.SuiteRunner.runSequentially(SuiteRunner.java:396)
	at org.testng.SuiteRunner.privateRun(SuiteRunner.java:355)
	at org.testng.SuiteRunner.run(SuiteRunner.java:304)
	at org.testng.SuiteRunnerWorker.runSuite(SuiteRunnerWorker.java:53)
	at org.testng.SuiteRunnerWorker.run(SuiteRunnerWorker.java:96)
	at org.testng.TestNG.runSuitesSequentially(TestNG.java:1180)
	at org.testng.TestNG.runSuitesLocally(TestNG.java:1102)
	at org.testng.TestNG.runSuites(TestNG.java:1032)
	at org.testng.TestNG.run(TestNG.java:1000)
	at org.testng.remote.AbstractRemoteTestNG.run(AbstractRemoteTestNG.java:115)
	at org.testng.remote.RemoteTestNG.initAndRun(RemoteTestNG.java:251)
	at org.testng.remote.RemoteTestNG.main(RemoteTestNG.java:77)
</stack-trace>
            </failure>
            <steps>
                <step start="1595503720354" stop="1595503720354" status="passed">
                    <name>logStep[Deleted all the files in the specified folder]</name>
                    <title>Deleted all the files in the specified folder</title>
                </step>
                <step start="1595503726899" stop="1595503726900" status="passed">
                    <name>logStep[Clicking  on day4]</name>
                    <title>Clicking  on day4</title>
                </step>
                <step start="1595503736470" stop="1595503736470" status="passed">
                    <name>logStep[Exporting The Session Data Into XML File]</name>
                    <title>Exporting The Session Data Into XML File</title>
                </step>
                <step start="1595503751570" stop="1595503751570" status="passed">
                    <name>logStep[Exported Session]</name>
                    <title>Exported Session</title>
                </step>
                <step start="1595503751972" stop="1595503751972" status="passed">
                    <name>logStep[Checking iu from charles data]</name>
                    <title>Checking iu from charles data</title>
                </step>
                <step start="1595503751972" stop="1595503751972" status="passed">
                    <name>logStep[iu value should not be null]</name>
                    <title>iu value should not be null</title>
                </step>
                <step start="1595503751976" stop="1595503751976" status="passed">
                    <name>logStep[retriving the day from the UI]</name>
                    <title>retriving the day from the UI</title>
                </step>
                <step start="1595503752647" stop="1595503752647" status="passed">
                    <name>logStep[day from the UI is sun1]</name>
                    <title>day from the UI is sun1</title>
                </step>
                <step start="1595503752647" stop="1595503752647" status="passed">
                    <name>logStep[Verifying the chales data is matched with UI]</name>
                    <title>Verifying the chales data is matched with UI</title>
                </step>
            </steps>
            <attachments/>
            <labels>
                <label name="testSuite" value="Default suite"/>
                <label name="testGroup" value="Default test"/>
                <label name="testClass" value="twc.Automation.SmokeTestCases.smokeTestCases"/>
                <label name="testMethod" value="Smoke_Test_Verifying_newdailydetails_day4adcall"/>
                <label name="host" value="Aswinikumars-MacBook-Pro.local"/>
                <label name="thread" value="3893@Aswinikumars-MacBook-Pro.local.main(1)"/>
            </labels>
        </test-case>
        <test-case start="1595503752651" stop="1595503786652" status="broken">
            <name>Smoke_Test_Verifying_newdailydetails_day6adcall</name>
            <title>Verifying new daily details day6 ad call</title>
            <description></description>
            <failure>
                <message>NullPointerException: null</message>
                <stack-trace>java.lang.NullPointerException
	at twc.Automation.General.Functions.verifyingdailydetailiu(Functions.java:5116)
	at twc.Automation.SmokeTestCases.smokeTestCases.Smoke_Test_Verifying_newdailydetails_day6adcall(smokeTestCases.java:896)
	at sun.reflect.NativeMethodAccessorImpl.invoke0(Native Method)
	at sun.reflect.NativeMethodAccessorImpl.invoke(NativeMethodAccessorImpl.java:62)
	at sun.reflect.DelegatingMethodAccessorImpl.invoke(DelegatingMethodAccessorImpl.java:43)
	at java.lang.reflect.Method.invoke(Method.java:498)
	at org.testng.internal.MethodInvocationHelper.invokeMethod(MethodInvocationHelper.java:133)
	at org.testng.internal.TestInvoker.invokeMethod(TestInvoker.java:584)
	at org.testng.internal.TestInvoker.invokeTestMethod(TestInvoker.java:172)
	at org.testng.internal.MethodRunner.runInSequence(MethodRunner.java:46)
	at org.testng.internal.TestInvoker$MethodInvocationAgent.invoke(TestInvoker.java:804)
	at org.testng.internal.TestInvoker.invokeTestMethods(TestInvoker.java:145)
	at org.testng.internal.TestMethodWorker.invokeTestMethods(TestMethodWorker.java:146)
	at org.testng.internal.TestMethodWorker.run(TestMethodWorker.java:128)
	at java.util.ArrayList.forEach(ArrayList.java:1257)
	at org.testng.TestRunner.privateRun(TestRunner.java:770)
	at org.testng.TestRunner.run(TestRunner.java:591)
	at org.testng.SuiteRunner.runTest(SuiteRunner.java:402)
	at org.testng.SuiteRunner.runSequentially(SuiteRunner.java:396)
	at org.testng.SuiteRunner.privateRun(SuiteRunner.java:355)
	at org.testng.SuiteRunner.run(SuiteRunner.java:304)
	at org.testng.SuiteRunnerWorker.runSuite(SuiteRunnerWorker.java:53)
	at org.testng.SuiteRunnerWorker.run(SuiteRunnerWorker.java:96)
	at org.testng.TestNG.runSuitesSequentially(TestNG.java:1180)
	at org.testng.TestNG.runSuitesLocally(TestNG.java:1102)
	at org.testng.TestNG.runSuites(TestNG.java:1032)
	at org.testng.TestNG.run(TestNG.java:1000)
	at org.testng.remote.AbstractRemoteTestNG.run(AbstractRemoteTestNG.java:115)
	at org.testng.remote.RemoteTestNG.initAndRun(RemoteTestNG.java:251)
	at org.testng.remote.RemoteTestNG.main(RemoteTestNG.java:77)
</stack-trace>
            </failure>
            <steps>
                <step start="1595503754794" stop="1595503754794" status="passed">
                    <name>logStep[Deleted all the files in the specified folder]</name>
                    <title>Deleted all the files in the specified folder</title>
                </step>
                <step start="1595503761291" stop="1595503761291" status="passed">
                    <name>logStep[Clicking on day6]</name>
                    <title>Clicking on day6</title>
                </step>
                <step start="1595503770844" stop="1595503770844" status="passed">
                    <name>logStep[Exporting The Session Data Into XML File]</name>
                    <title>Exporting The Session Data Into XML File</title>
                </step>
                <step start="1595503785951" stop="1595503785952" status="passed">
                    <name>logStep[Exported Session]</name>
                    <title>Exported Session</title>
                </step>
                <step start="1595503786341" stop="1595503786341" status="passed">
                    <name>logStep[Checking iu from charles data]</name>
                    <title>Checking iu from charles data</title>
                </step>
                <step start="1595503786341" stop="1595503786341" status="passed">
                    <name>logStep[iu value should not be null]</name>
                    <title>iu value should not be null</title>
                </step>
                <step start="1595503786344" stop="1595503786344" status="passed">
                    <name>logStep[retriving the day from the UI]</name>
                    <title>retriving the day from the UI</title>
                </step>
                <step start="1595503786650" stop="1595503786650" status="passed">
                    <name>logStep[day from the UI is mon1]</name>
                    <title>day from the UI is mon1</title>
                </step>
                <step start="1595503786651" stop="1595503786651" status="passed">
                    <name>logStep[Verifying the chales data is matched with UI]</name>
                    <title>Verifying the chales data is matched with UI</title>
                </step>
            </steps>
            <attachments/>
            <labels>
                <label name="testSuite" value="Default suite"/>
                <label name="testGroup" value="Default test"/>
                <label name="testClass" value="twc.Automation.SmokeTestCases.smokeTestCases"/>
                <label name="testMethod" value="Smoke_Test_Verifying_newdailydetails_day6adcall"/>
                <label name="host" value="Aswinikumars-MacBook-Pro.local"/>
                <label name="thread" value="3893@Aswinikumars-MacBook-Pro.local.main(1)"/>
            </labels>
        </test-case>
        <test-case start="1595503786654" stop="1595503820890" status="broken">
            <name>Smoke_Test_Verifying_newdailydetails_day7adcall</name>
            <title>Verifying new daily details day7 ad call</title>
            <description></description>
            <failure>
                <message>NullPointerException: null</message>
                <stack-trace>java.lang.NullPointerException
	at twc.Automation.General.Functions.verifyingdailydetailiu(Functions.java:5116)
	at twc.Automation.SmokeTestCases.smokeTestCases.Smoke_Test_Verifying_newdailydetails_day7adcall(smokeTestCases.java:922)
	at sun.reflect.NativeMethodAccessorImpl.invoke0(Native Method)
	at sun.reflect.NativeMethodAccessorImpl.invoke(NativeMethodAccessorImpl.java:62)
	at sun.reflect.DelegatingMethodAccessorImpl.invoke(DelegatingMethodAccessorImpl.java:43)
	at java.lang.reflect.Method.invoke(Method.java:498)
	at org.testng.internal.MethodInvocationHelper.invokeMethod(MethodInvocationHelper.java:133)
	at org.testng.internal.TestInvoker.invokeMethod(TestInvoker.java:584)
	at org.testng.internal.TestInvoker.invokeTestMethod(TestInvoker.java:172)
	at org.testng.internal.MethodRunner.runInSequence(MethodRunner.java:46)
	at org.testng.internal.TestInvoker$MethodInvocationAgent.invoke(TestInvoker.java:804)
	at org.testng.internal.TestInvoker.invokeTestMethods(TestInvoker.java:145)
	at org.testng.internal.TestMethodWorker.invokeTestMethods(TestMethodWorker.java:146)
	at org.testng.internal.TestMethodWorker.run(TestMethodWorker.java:128)
	at java.util.ArrayList.forEach(ArrayList.java:1257)
	at org.testng.TestRunner.privateRun(TestRunner.java:770)
	at org.testng.TestRunner.run(TestRunner.java:591)
	at org.testng.SuiteRunner.runTest(SuiteRunner.java:402)
	at org.testng.SuiteRunner.runSequentially(SuiteRunner.java:396)
	at org.testng.SuiteRunner.privateRun(SuiteRunner.java:355)
	at org.testng.SuiteRunner.run(SuiteRunner.java:304)
	at org.testng.SuiteRunnerWorker.runSuite(SuiteRunnerWorker.java:53)
	at org.testng.SuiteRunnerWorker.run(SuiteRunnerWorker.java:96)
	at org.testng.TestNG.runSuitesSequentially(TestNG.java:1180)
	at org.testng.TestNG.runSuitesLocally(TestNG.java:1102)
	at org.testng.TestNG.runSuites(TestNG.java:1032)
	at org.testng.TestNG.run(TestNG.java:1000)
	at org.testng.remote.AbstractRemoteTestNG.run(AbstractRemoteTestNG.java:115)
	at org.testng.remote.RemoteTestNG.initAndRun(RemoteTestNG.java:251)
	at org.testng.remote.RemoteTestNG.main(RemoteTestNG.java:77)
</stack-trace>
            </failure>
            <steps>
                <step start="1595503788786" stop="1595503788786" status="passed">
                    <name>logStep[Deleted all the files in the specified folder]</name>
                    <title>Deleted all the files in the specified folder</title>
                </step>
                <step start="1595503795291" stop="1595503795291" status="passed">
                    <name>logStep[Clicking on day7]</name>
                    <title>Clicking on day7</title>
                </step>
                <step start="1595503804983" stop="1595503804983" status="passed">
                    <name>logStep[Exporting The Session Data Into XML File]</name>
                    <title>Exporting The Session Data Into XML File</title>
                </step>
                <step start="1595503820081" stop="1595503820081" status="passed">
                    <name>logStep[Exported Session]</name>
                    <title>Exported Session</title>
                </step>
                <step start="1595503820495" stop="1595503820495" status="passed">
                    <name>logStep[Checking iu from charles data]</name>
                    <title>Checking iu from charles data</title>
                </step>
                <step start="1595503820496" stop="1595503820496" status="passed">
                    <name>logStep[iu value should not be null]</name>
                    <title>iu value should not be null</title>
                </step>
                <step start="1595503820499" stop="1595503820499" status="passed">
                    <name>logStep[retriving the day from the UI]</name>
                    <title>retriving the day from the UI</title>
                </step>
                <step start="1595503820889" stop="1595503820889" status="passed">
                    <name>logStep[day from the UI is tue1]</name>
                    <title>day from the UI is tue1</title>
                </step>
                <step start="1595503820889" stop="1595503820889" status="passed">
                    <name>logStep[Verifying the chales data is matched with UI]</name>
                    <title>Verifying the chales data is matched with UI</title>
                </step>
            </steps>
            <attachments/>
            <labels>
                <label name="testSuite" value="Default suite"/>
                <label name="testGroup" value="Default test"/>
                <label name="testClass" value="twc.Automation.SmokeTestCases.smokeTestCases"/>
                <label name="testMethod" value="Smoke_Test_Verifying_newdailydetails_day7adcall"/>
                <label name="host" value="Aswinikumars-MacBook-Pro.local"/>
                <label name="thread" value="3893@Aswinikumars-MacBook-Pro.local.main(1)"/>
            </labels>
        </test-case>
        <test-case start="1595503820892" stop="1595503860825" status="failed">
            <name>Smoke_Test_Verifying_newdailydetails_day8adcall</name>
            <title>Verifying new daily details day8 ad call</title>
            <description></description>
            <failure>
                <message>AssertionError: daily details ad call was not trigred</message>
                <stack-trace>java.lang.AssertionError: daily details ad call was not trigred
	at org.testng.Assert.fail(Assert.java:97)
	at twc.Automation.General.Functions.verifyingdailydetailsiu1(Functions.java:5167)
	at twc.Automation.SmokeTestCases.smokeTestCases.Smoke_Test_Verifying_newdailydetails_day8adcall(smokeTestCases.java:948)
	at sun.reflect.NativeMethodAccessorImpl.invoke0(Native Method)
	at sun.reflect.NativeMethodAccessorImpl.invoke(NativeMethodAccessorImpl.java:62)
	at sun.reflect.DelegatingMethodAccessorImpl.invoke(DelegatingMethodAccessorImpl.java:43)
	at java.lang.reflect.Method.invoke(Method.java:498)
	at org.testng.internal.MethodInvocationHelper.invokeMethod(MethodInvocationHelper.java:133)
	at org.testng.internal.TestInvoker.invokeMethod(TestInvoker.java:584)
	at org.testng.internal.TestInvoker.invokeTestMethod(TestInvoker.java:172)
	at org.testng.internal.MethodRunner.runInSequence(MethodRunner.java:46)
	at org.testng.internal.TestInvoker$MethodInvocationAgent.invoke(TestInvoker.java:804)
	at org.testng.internal.TestInvoker.invokeTestMethods(TestInvoker.java:145)
	at org.testng.internal.TestMethodWorker.invokeTestMethods(TestMethodWorker.java:146)
	at org.testng.internal.TestMethodWorker.run(TestMethodWorker.java:128)
	at java.util.ArrayList.forEach(ArrayList.java:1257)
	at org.testng.TestRunner.privateRun(TestRunner.java:770)
	at org.testng.TestRunner.run(TestRunner.java:591)
	at org.testng.SuiteRunner.runTest(SuiteRunner.java:402)
	at org.testng.SuiteRunner.runSequentially(SuiteRunner.java:396)
	at org.testng.SuiteRunner.privateRun(SuiteRunner.java:355)
	at org.testng.SuiteRunner.run(SuiteRunner.java:304)
	at org.testng.SuiteRunnerWorker.runSuite(SuiteRunnerWorker.java:53)
	at org.testng.SuiteRunnerWorker.run(SuiteRunnerWorker.java:96)
	at org.testng.TestNG.runSuitesSequentially(TestNG.java:1180)
	at org.testng.TestNG.runSuitesLocally(TestNG.java:1102)
	at org.testng.TestNG.runSuites(TestNG.java:1032)
	at org.testng.TestNG.run(TestNG.java:1000)
	at org.testng.remote.AbstractRemoteTestNG.run(AbstractRemoteTestNG.java:115)
	at org.testng.remote.RemoteTestNG.initAndRun(RemoteTestNG.java:251)
	at org.testng.remote.RemoteTestNG.main(RemoteTestNG.java:77)
</stack-trace>
            </failure>
            <steps>
                <step start="1595503823033" stop="1595503823033" status="passed">
                    <name>logStep[Deleted all the files in the specified folder]</name>
                    <title>Deleted all the files in the specified folder</title>
                </step>
                <step start="1595503829568" stop="1595503829568" status="passed">
                    <name>logStep[Clicking on day8]</name>
                    <title>Clicking on day8</title>
                </step>
                <step start="1595503845314" stop="1595503845314" status="passed">
                    <name>logStep[Exporting The Session Data Into XML File]</name>
                    <title>Exporting The Session Data Into XML File</title>
                </step>
                <step start="1595503860420" stop="1595503860420" status="passed">
                    <name>logStep[Exported Session]</name>
                    <title>Exported Session</title>
                </step>
                <step start="1595503860814" stop="1595503860814" status="passed">
                    <name>logStep[Checking iu from charles data]</name>
                    <title>Checking iu from charles data</title>
                </step>
                <step start="1595503860814" stop="1595503860814" status="passed">
                    <name>logStep[iu value should not be null]</name>
                    <title>iu value should not be null</title>
                </step>
                <step start="1595503860816" stop="1595503860816" status="passed">
                    <name>logStep[Charles data value is iu=%2F7646%2Fapp_android_us%2Fdb_display%2Fdetails%2F10day_wed1]</name>
                    <title>Charles data value is iu=%2F7646%2Fapp_android_us%2Fdb_display%2Fdetails%2F10day_wed1</title>
                </step>
                <step start="1595503860819" stop="1595503860819" status="passed">
                    <name>logStep[iu=%2F7646%2Fapp_android_us%2Fdb_display%2Fdetails%2F10day_wed2 was not trigered]</name>
                    <title>iu=%2F7646%2Fapp_android_us%2Fdb_display%2Fdetails%2F10day_wed2 was not trigered</title>
                </step>
            </steps>
            <attachments/>
            <labels>
                <label name="testSuite" value="Default suite"/>
                <label name="testGroup" value="Default test"/>
                <label name="testClass" value="twc.Automation.SmokeTestCases.smokeTestCases"/>
                <label name="testMethod" value="Smoke_Test_Verifying_newdailydetails_day8adcall"/>
                <label name="host" value="Aswinikumars-MacBook-Pro.local"/>
                <label name="thread" value="3893@Aswinikumars-MacBook-Pro.local.main(1)"/>
            </labels>
        </test-case>
        <test-case start="1595503860828" stop="1595503901006" status="passed">
            <name>Smoke_Test_Verifying_newdailydetails_day9adcall</name>
            <title>Verifying new daily details day9 ad call</title>
            <description></description>
            <steps>
                <step start="1595503862975" stop="1595503862975" status="passed">
                    <name>logStep[Deleted all the files in the specified folder]</name>
                    <title>Deleted all the files in the specified folder</title>
                    <attachments/>
                    <steps/>
                </step>
                <step start="1595503869489" stop="1595503869489" status="passed">
                    <name>logStep[Clicking on day9]</name>
                    <title>Clicking on day9</title>
                    <attachments/>
                    <steps/>
                </step>
                <step start="1595503885156" stop="1595503885156" status="passed">
                    <name>logStep[Exporting The Session Data Into XML File]</name>
                    <title>Exporting The Session Data Into XML File</title>
                    <attachments/>
                    <steps/>
                </step>
                <step start="1595503900256" stop="1595503900256" status="passed">
                    <name>logStep[Exported Session]</name>
                    <title>Exported Session</title>
                    <attachments/>
                    <steps/>
                </step>
                <step start="1595503900620" stop="1595503900620" status="passed">
                    <name>logStep[Checking iu from charles data]</name>
                    <title>Checking iu from charles data</title>
                    <attachments/>
                    <steps/>
                </step>
                <step start="1595503900620" stop="1595503900620" status="passed">
                    <name>logStep[iu value should not be null]</name>
                    <title>iu value should not be null</title>
                    <attachments/>
                    <steps/>
                </step>
                <step start="1595503900623" stop="1595503900623" status="passed">
                    <name>logStep[Charles data value is iu=%2F7646%2Fapp_android_us%2Fdb_display%2Fdetails%2F10day_thu2]</name>
                    <title>Charles data value is iu=%2F7646%2Fapp_android_us%2Fdb_display%2Fdetails%2F10day_thu2</title>
                    <attachments/>
                    <steps/>
                </step>
                <step start="1595503900625" stop="1595503900625" status="passed">
                    <name>logStep[retriving the day from the UI]</name>
                    <title>retriving the day from the UI</title>
                    <attachments/>
                    <steps/>
                </step>
                <step start="1595503901005" stop="1595503901005" status="passed">
                    <name>logStep[day from the UI is thu2]</name>
                    <title>day from the UI is thu2</title>
                    <attachments/>
                    <steps/>
                </step>
                <step start="1595503901006" stop="1595503901006" status="passed">
                    <name>logStep[Verifying the chales data is matched with UI]</name>
                    <title>Verifying the chales data is matched with UI</title>
                    <attachments/>
                    <steps/>
                </step>
                <step start="1595503901006" stop="1595503901006" status="passed">
                    <name>logStep[iu=%2F7646%2Fapp_android_us%2Fdb_display%2Fdetails%2F10day_thu2 is matched with thu2]</name>
                    <title>iu=%2F7646%2Fapp_android_us%2Fdb_display%2Fdetails%2F10day_thu2 is matched with thu2</title>
                    <attachments/>
                    <steps/>
                </step>
            </steps>
            <attachments/>
            <labels>
                <label name="testSuite" value="Default suite"/>
                <label name="testGroup" value="Default test"/>
                <label name="testClass" value="twc.Automation.SmokeTestCases.smokeTestCases"/>
                <label name="testMethod" value="Smoke_Test_Verifying_newdailydetails_day9adcall"/>
                <label name="host" value="Aswinikumars-MacBook-Pro.local"/>
                <label name="thread" value="3893@Aswinikumars-MacBook-Pro.local.main(1)"/>
            </labels>
        </test-case>
        <test-case start="1595503901010" stop="1595503941166" status="passed">
            <name>Smoke_Test_Verifying_newdailydetails_day10adcall</name>
            <title>Verifying new daily details day10 ad call</title>
            <description></description>
            <steps>
                <step start="1595503903110" stop="1595503903110" status="passed">
                    <name>logStep[Deleted all the files in the specified folder]</name>
                    <title>Deleted all the files in the specified folder</title>
                    <attachments/>
                    <steps/>
                </step>
                <step start="1595503909636" stop="1595503909636" status="passed">
                    <name>logStep[Clicking on day10]</name>
                    <title>Clicking on day10</title>
                    <attachments/>
                    <steps/>
                </step>
                <step start="1595503925376" stop="1595503925376" status="passed">
                    <name>logStep[Exporting The Session Data Into XML File]</name>
                    <title>Exporting The Session Data Into XML File</title>
                    <attachments/>
                    <steps/>
                </step>
                <step start="1595503940462" stop="1595503940462" status="passed">
                    <name>logStep[Exported Session]</name>
                    <title>Exported Session</title>
                    <attachments/>
                    <steps/>
                </step>
                <step start="1595503940820" stop="1595503940820" status="passed">
                    <name>logStep[Checking iu from charles data]</name>
                    <title>Checking iu from charles data</title>
                    <attachments/>
                    <steps/>
                </step>
                <step start="1595503940820" stop="1595503940820" status="passed">
                    <name>logStep[iu value should not be null]</name>
                    <title>iu value should not be null</title>
                    <attachments/>
                    <steps/>
                </step>
                <step start="1595503940822" stop="1595503940822" status="passed">
                    <name>logStep[Charles data value is iu=%2F7646%2Fapp_android_us%2Fdb_display%2Fdetails%2F10day_fri2]</name>
                    <title>Charles data value is iu=%2F7646%2Fapp_android_us%2Fdb_display%2Fdetails%2F10day_fri2</title>
                    <attachments/>
                    <steps/>
                </step>
                <step start="1595503940823" stop="1595503940823" status="passed">
                    <name>logStep[retriving the day from the UI]</name>
                    <title>retriving the day from the UI</title>
                    <attachments/>
                    <steps/>
                </step>
                <step start="1595503941165" stop="1595503941165" status="passed">
                    <name>logStep[day from the UI is fri2]</name>
                    <title>day from the UI is fri2</title>
                    <attachments/>
                    <steps/>
                </step>
                <step start="1595503941165" stop="1595503941165" status="passed">
                    <name>logStep[Verifying the chales data is matched with UI]</name>
                    <title>Verifying the chales data is matched with UI</title>
                    <attachments/>
                    <steps/>
                </step>
                <step start="1595503941165" stop="1595503941165" status="passed">
                    <name>logStep[iu=%2F7646%2Fapp_android_us%2Fdb_display%2Fdetails%2F10day_fri2 is matched with fri2]</name>
                    <title>iu=%2F7646%2Fapp_android_us%2Fdb_display%2Fdetails%2F10day_fri2 is matched with fri2</title>
                    <attachments/>
                    <steps/>
                </step>
            </steps>
            <attachments/>
            <labels>
                <label name="testSuite" value="Default suite"/>
                <label name="testGroup" value="Default test"/>
                <label name="testClass" value="twc.Automation.SmokeTestCases.smokeTestCases"/>
                <label name="testMethod" value="Smoke_Test_Verifying_newdailydetails_day10adcall"/>
                <label name="host" value="Aswinikumars-MacBook-Pro.local"/>
                <label name="thread" value="3893@Aswinikumars-MacBook-Pro.local.main(1)"/>
            </labels>
        </test-case>
        <test-case start="1595503941167" stop="1595503981126" status="passed">
            <name>Smoke_Test_Verifying_newdailydetails_day11adcall</name>
            <title>Verifying new daily details day11 ad call</title>
            <description></description>
            <steps>
                <step start="1595503943296" stop="1595503943296" status="passed">
                    <name>logStep[Deleted all the files in the specified folder]</name>
                    <title>Deleted all the files in the specified folder</title>
                    <attachments/>
                    <steps/>
                </step>
                <step start="1595503949794" stop="1595503949794" status="passed">
                    <name>logStep[Clicking on day11]</name>
                    <title>Clicking on day11</title>
                    <attachments/>
                    <steps/>
                </step>
                <step start="1595503965395" stop="1595503965395" status="passed">
                    <name>logStep[Exporting The Session Data Into XML File]</name>
                    <title>Exporting The Session Data Into XML File</title>
                    <attachments/>
                    <steps/>
                </step>
                <step start="1595503980494" stop="1595503980494" status="passed">
                    <name>logStep[Exported Session]</name>
                    <title>Exported Session</title>
                    <attachments/>
                    <steps/>
                </step>
                <step start="1595503980814" stop="1595503980814" status="passed">
                    <name>logStep[Checking iu from charles data]</name>
                    <title>Checking iu from charles data</title>
                    <attachments/>
                    <steps/>
                </step>
                <step start="1595503980814" stop="1595503980814" status="passed">
                    <name>logStep[iu value should not be null]</name>
                    <title>iu value should not be null</title>
                    <attachments/>
                    <steps/>
                </step>
                <step start="1595503980816" stop="1595503980816" status="passed">
                    <name>logStep[Charles data value is iu=%2F7646%2Fapp_android_us%2Fdb_display%2Fdetails%2F10day_sat2]</name>
                    <title>Charles data value is iu=%2F7646%2Fapp_android_us%2Fdb_display%2Fdetails%2F10day_sat2</title>
                    <attachments/>
                    <steps/>
                </step>
                <step start="1595503980817" stop="1595503980817" status="passed">
                    <name>logStep[retriving the day from the UI]</name>
                    <title>retriving the day from the UI</title>
                    <attachments/>
                    <steps/>
                </step>
                <step start="1595503981125" stop="1595503981125" status="passed">
                    <name>logStep[day from the UI is sat2]</name>
                    <title>day from the UI is sat2</title>
                    <attachments/>
                    <steps/>
                </step>
                <step start="1595503981125" stop="1595503981125" status="passed">
                    <name>logStep[Verifying the chales data is matched with UI]</name>
                    <title>Verifying the chales data is matched with UI</title>
                    <attachments/>
                    <steps/>
                </step>
                <step start="1595503981125" stop="1595503981125" status="passed">
                    <name>logStep[iu=%2F7646%2Fapp_android_us%2Fdb_display%2Fdetails%2F10day_sat2 is matched with sat2]</name>
                    <title>iu=%2F7646%2Fapp_android_us%2Fdb_display%2Fdetails%2F10day_sat2 is matched with sat2</title>
                    <attachments/>
                    <steps/>
                </step>
            </steps>
            <attachments/>
            <labels>
                <label name="testSuite" value="Default suite"/>
                <label name="testGroup" value="Default test"/>
                <label name="testClass" value="twc.Automation.SmokeTestCases.smokeTestCases"/>
                <label name="testMethod" value="Smoke_Test_Verifying_newdailydetails_day11adcall"/>
                <label name="host" value="Aswinikumars-MacBook-Pro.local"/>
                <label name="thread" value="3893@Aswinikumars-MacBook-Pro.local.main(1)"/>
            </labels>
        </test-case>
        <test-case start="1595503981385" stop="1595504015484" status="broken">
            <name>Smoke_Test_Verifying_newdailydetails_day12adcall</name>
            <title>Verifying new daily details day12 ad call</title>
            <description></description>
            <failure>
                <message>NullPointerException: null</message>
                <stack-trace>java.lang.NullPointerException
	at twc.Automation.General.Functions.verifyingdailydetailsiu1(Functions.java:5182)
	at twc.Automation.SmokeTestCases.smokeTestCases.Smoke_Test_Verifying_newdailydetails_day12adcall(smokeTestCases.java:1060)
	at sun.reflect.NativeMethodAccessorImpl.invoke0(Native Method)
	at sun.reflect.NativeMethodAccessorImpl.invoke(NativeMethodAccessorImpl.java:62)
	at sun.reflect.DelegatingMethodAccessorImpl.invoke(DelegatingMethodAccessorImpl.java:43)
	at java.lang.reflect.Method.invoke(Method.java:498)
	at org.testng.internal.MethodInvocationHelper.invokeMethod(MethodInvocationHelper.java:133)
	at org.testng.internal.TestInvoker.invokeMethod(TestInvoker.java:584)
	at org.testng.internal.TestInvoker.invokeTestMethod(TestInvoker.java:172)
	at org.testng.internal.MethodRunner.runInSequence(MethodRunner.java:46)
	at org.testng.internal.TestInvoker$MethodInvocationAgent.invoke(TestInvoker.java:804)
	at org.testng.internal.TestInvoker.invokeTestMethods(TestInvoker.java:145)
	at org.testng.internal.TestMethodWorker.invokeTestMethods(TestMethodWorker.java:146)
	at org.testng.internal.TestMethodWorker.run(TestMethodWorker.java:128)
	at java.util.ArrayList.forEach(ArrayList.java:1257)
	at org.testng.TestRunner.privateRun(TestRunner.java:770)
	at org.testng.TestRunner.run(TestRunner.java:591)
	at org.testng.SuiteRunner.runTest(SuiteRunner.java:402)
	at org.testng.SuiteRunner.runSequentially(SuiteRunner.java:396)
	at org.testng.SuiteRunner.privateRun(SuiteRunner.java:355)
	at org.testng.SuiteRunner.run(SuiteRunner.java:304)
	at org.testng.SuiteRunnerWorker.runSuite(SuiteRunnerWorker.java:53)
	at org.testng.SuiteRunnerWorker.run(SuiteRunnerWorker.java:96)
	at org.testng.TestNG.runSuitesSequentially(TestNG.java:1180)
	at org.testng.TestNG.runSuitesLocally(TestNG.java:1102)
	at org.testng.TestNG.runSuites(TestNG.java:1032)
	at org.testng.TestNG.run(TestNG.java:1000)
	at org.testng.remote.AbstractRemoteTestNG.run(AbstractRemoteTestNG.java:115)
	at org.testng.remote.RemoteTestNG.initAndRun(RemoteTestNG.java:251)
	at org.testng.remote.RemoteTestNG.main(RemoteTestNG.java:77)
</stack-trace>
            </failure>
            <steps>
                <step start="1595503983519" stop="1595503983519" status="passed">
                    <name>logStep[Deleted all the files in the specified folder]</name>
                    <title>Deleted all the files in the specified folder</title>
                </step>
                <step start="1595503990016" stop="1595503990016" status="passed">
                    <name>logStep[Clicking on day12]</name>
                    <title>Clicking on day12</title>
                </step>
                <step start="1595503999721" stop="1595503999721" status="passed">
                    <name>logStep[Exporting The Session Data Into XML File]</name>
                    <title>Exporting The Session Data Into XML File</title>
                </step>
                <step start="1595504014833" stop="1595504014833" status="passed">
                    <name>logStep[Exported Session]</name>
                    <title>Exported Session</title>
                </step>
                <step start="1595504015223" stop="1595504015223" status="passed">
                    <name>logStep[Checking iu from charles data]</name>
                    <title>Checking iu from charles data</title>
                </step>
                <step start="1595504015223" stop="1595504015223" status="passed">
                    <name>logStep[iu value should not be null]</name>
                    <title>iu value should not be null</title>
                </step>
                <step start="1595504015226" stop="1595504015226" status="passed">
                    <name>logStep[retriving the day from the UI]</name>
                    <title>retriving the day from the UI</title>
                </step>
                <step start="1595504015483" stop="1595504015483" status="passed">
                    <name>logStep[day from the UI is sun2]</name>
                    <title>day from the UI is sun2</title>
                </step>
                <step start="1595504015483" stop="1595504015483" status="passed">
                    <name>logStep[Verifying the chales data is matched with UI]</name>
                    <title>Verifying the chales data is matched with UI</title>
                </step>
            </steps>
            <attachments/>
            <labels>
                <label name="testSuite" value="Default suite"/>
                <label name="testGroup" value="Default test"/>
                <label name="testClass" value="twc.Automation.SmokeTestCases.smokeTestCases"/>
                <label name="testMethod" value="Smoke_Test_Verifying_newdailydetails_day12adcall"/>
                <label name="host" value="Aswinikumars-MacBook-Pro.local"/>
                <label name="thread" value="3893@Aswinikumars-MacBook-Pro.local.main(1)"/>
            </labels>
        </test-case>
        <test-case start="1595504015486" stop="1595504055712" status="passed">
            <name>Smoke_Test_Verifying_newdailydetails_day13adcall</name>
            <title>Verifying new daily details day13 ad call</title>
            <description></description>
            <steps>
                <step start="1595504017625" stop="1595504017625" status="passed">
                    <name>logStep[Deleted all the files in the specified folder]</name>
                    <title>Deleted all the files in the specified folder</title>
                    <attachments/>
                    <steps/>
                </step>
                <step start="1595504024140" stop="1595504024140" status="passed">
                    <name>logStep[Clicking on day13]</name>
                    <title>Clicking on day13</title>
                    <attachments/>
                    <steps/>
                </step>
                <step start="1595504039918" stop="1595504039918" status="passed">
                    <name>logStep[Exporting The Session Data Into XML File]</name>
                    <title>Exporting The Session Data Into XML File</title>
                    <attachments/>
                    <steps/>
                </step>
                <step start="1595504055010" stop="1595504055010" status="passed">
                    <name>logStep[Exported Session]</name>
                    <title>Exported Session</title>
                    <attachments/>
                    <steps/>
                </step>
                <step start="1595504055393" stop="1595504055393" status="passed">
                    <name>logStep[Checking iu from charles data]</name>
                    <title>Checking iu from charles data</title>
                    <attachments/>
                    <steps/>
                </step>
                <step start="1595504055394" stop="1595504055394" status="passed">
                    <name>logStep[iu value should not be null]</name>
                    <title>iu value should not be null</title>
                    <attachments/>
                    <steps/>
                </step>
                <step start="1595504055395" stop="1595504055395" status="passed">
                    <name>logStep[Charles data value is iu=%2F7646%2Fapp_android_us%2Fdb_display%2Fdetails%2F10day_mon2]</name>
                    <title>Charles data value is iu=%2F7646%2Fapp_android_us%2Fdb_display%2Fdetails%2F10day_mon2</title>
                    <attachments/>
                    <steps/>
                </step>
                <step start="1595504055397" stop="1595504055397" status="passed">
                    <name>logStep[retriving the day from the UI]</name>
                    <title>retriving the day from the UI</title>
                    <attachments/>
                    <steps/>
                </step>
                <step start="1595504055711" stop="1595504055711" status="passed">
                    <name>logStep[day from the UI is mon2]</name>
                    <title>day from the UI is mon2</title>
                    <attachments/>
                    <steps/>
                </step>
                <step start="1595504055711" stop="1595504055711" status="passed">
                    <name>logStep[Verifying the chales data is matched with UI]</name>
                    <title>Verifying the chales data is matched with UI</title>
                    <attachments/>
                    <steps/>
                </step>
                <step start="1595504055711" stop="1595504055711" status="passed">
                    <name>logStep[iu=%2F7646%2Fapp_android_us%2Fdb_display%2Fdetails%2F10day_mon2 is matched with mon2]</name>
                    <title>iu=%2F7646%2Fapp_android_us%2Fdb_display%2Fdetails%2F10day_mon2 is matched with mon2</title>
                    <attachments/>
                    <steps/>
                </step>
            </steps>
            <attachments/>
            <labels>
                <label name="testSuite" value="Default suite"/>
                <label name="testGroup" value="Default test"/>
                <label name="testClass" value="twc.Automation.SmokeTestCases.smokeTestCases"/>
                <label name="testMethod" value="Smoke_Test_Verifying_newdailydetails_day13adcall"/>
                <label name="host" value="Aswinikumars-MacBook-Pro.local"/>
                <label name="thread" value="3893@Aswinikumars-MacBook-Pro.local.main(1)"/>
            </labels>
        </test-case>
        <test-case start="1595504055714" stop="1595504095861" status="passed">
            <name>Smoke_Test_Verifying_newdailydetails_day14adcall</name>
            <title>Verifying new daily details day14 ad call</title>
            <description></description>
            <steps>
                <step start="1595504057845" stop="1595504057845" status="passed">
                    <name>logStep[Deleted all the files in the specified folder]</name>
                    <title>Deleted all the files in the specified folder</title>
                    <attachments/>
                    <steps/>
                </step>
                <step start="1595504064382" stop="1595504064382" status="passed">
                    <name>logStep[Clicking on day14]</name>
                    <title>Clicking on day14</title>
                    <attachments/>
                    <steps/>
                </step>
                <step start="1595504080103" stop="1595504080103" status="passed">
                    <name>logStep[Exporting The Session Data Into XML File]</name>
                    <title>Exporting The Session Data Into XML File</title>
                    <attachments/>
                    <steps/>
                </step>
                <step start="1595504095203" stop="1595504095203" status="passed">
                    <name>logStep[Exported Session]</name>
                    <title>Exported Session</title>
                    <attachments/>
                    <steps/>
                </step>
                <step start="1595504095562" stop="1595504095562" status="passed">
                    <name>logStep[Checking iu from charles data]</name>
                    <title>Checking iu from charles data</title>
                    <attachments/>
                    <steps/>
                </step>
                <step start="1595504095562" stop="1595504095562" status="passed">
                    <name>logStep[iu value should not be null]</name>
                    <title>iu value should not be null</title>
                    <attachments/>
                    <steps/>
                </step>
                <step start="1595504095564" stop="1595504095564" status="passed">
                    <name>logStep[Charles data value is iu=%2F7646%2Fapp_android_us%2Fdb_display%2Fdetails%2F10day_tue2]</name>
                    <title>Charles data value is iu=%2F7646%2Fapp_android_us%2Fdb_display%2Fdetails%2F10day_tue2</title>
                    <attachments/>
                    <steps/>
                </step>
                <step start="1595504095566" stop="1595504095566" status="passed">
                    <name>logStep[retriving the day from the UI]</name>
                    <title>retriving the day from the UI</title>
                    <attachments/>
                    <steps/>
                </step>
                <step start="1595504095860" stop="1595504095860" status="passed">
                    <name>logStep[day from the UI is tue2]</name>
                    <title>day from the UI is tue2</title>
                    <attachments/>
                    <steps/>
                </step>
                <step start="1595504095860" stop="1595504095860" status="passed">
                    <name>logStep[Verifying the chales data is matched with UI]</name>
                    <title>Verifying the chales data is matched with UI</title>
                    <attachments/>
                    <steps/>
                </step>
                <step start="1595504095860" stop="1595504095860" status="passed">
                    <name>logStep[iu=%2F7646%2Fapp_android_us%2Fdb_display%2Fdetails%2F10day_tue2 is matched with tue2]</name>
                    <title>iu=%2F7646%2Fapp_android_us%2Fdb_display%2Fdetails%2F10day_tue2 is matched with tue2</title>
                    <attachments/>
                    <steps/>
                </step>
            </steps>
            <attachments/>
            <labels>
                <label name="testSuite" value="Default suite"/>
                <label name="testGroup" value="Default test"/>
                <label name="testClass" value="twc.Automation.SmokeTestCases.smokeTestCases"/>
                <label name="testMethod" value="Smoke_Test_Verifying_newdailydetails_day14adcall"/>
                <label name="host" value="Aswinikumars-MacBook-Pro.local"/>
                <label name="thread" value="3893@Aswinikumars-MacBook-Pro.local.main(1)"/>
            </labels>
        </test-case>
        <test-case start="1595504095863" stop="1595504135448" status="failed">
            <name>Smoke_Test_Verifying_newdailydetails_day15adcall</name>
            <title>Verifying new daily details day15 ad call</title>
            <description></description>
            <failure>
                <message>AssertionError: daily details ad call was not trigred</message>
                <stack-trace>java.lang.AssertionError: daily details ad call was not trigred
	at org.testng.Assert.fail(Assert.java:97)
	at twc.Automation.General.Functions.verifyingdailydetailsiu2(Functions.java:5230)
	at twc.Automation.SmokeTestCases.smokeTestCases.Smoke_Test_Verifying_newdailydetails_day15adcall(smokeTestCases.java:1140)
	at sun.reflect.NativeMethodAccessorImpl.invoke0(Native Method)
	at sun.reflect.NativeMethodAccessorImpl.invoke(NativeMethodAccessorImpl.java:62)
	at sun.reflect.DelegatingMethodAccessorImpl.invoke(DelegatingMethodAccessorImpl.java:43)
	at java.lang.reflect.Method.invoke(Method.java:498)
	at org.testng.internal.MethodInvocationHelper.invokeMethod(MethodInvocationHelper.java:133)
	at org.testng.internal.TestInvoker.invokeMethod(TestInvoker.java:584)
	at org.testng.internal.TestInvoker.invokeTestMethod(TestInvoker.java:172)
	at org.testng.internal.MethodRunner.runInSequence(MethodRunner.java:46)
	at org.testng.internal.TestInvoker$MethodInvocationAgent.invoke(TestInvoker.java:804)
	at org.testng.internal.TestInvoker.invokeTestMethods(TestInvoker.java:145)
	at org.testng.internal.TestMethodWorker.invokeTestMethods(TestMethodWorker.java:146)
	at org.testng.internal.TestMethodWorker.run(TestMethodWorker.java:128)
	at java.util.ArrayList.forEach(ArrayList.java:1257)
	at org.testng.TestRunner.privateRun(TestRunner.java:770)
	at org.testng.TestRunner.run(TestRunner.java:591)
	at org.testng.SuiteRunner.runTest(SuiteRunner.java:402)
	at org.testng.SuiteRunner.runSequentially(SuiteRunner.java:396)
	at org.testng.SuiteRunner.privateRun(SuiteRunner.java:355)
	at org.testng.SuiteRunner.run(SuiteRunner.java:304)
	at org.testng.SuiteRunnerWorker.runSuite(SuiteRunnerWorker.java:53)
	at org.testng.SuiteRunnerWorker.run(SuiteRunnerWorker.java:96)
	at org.testng.TestNG.runSuitesSequentially(TestNG.java:1180)
	at org.testng.TestNG.runSuitesLocally(TestNG.java:1102)
	at org.testng.TestNG.runSuites(TestNG.java:1032)
	at org.testng.TestNG.run(TestNG.java:1000)
	at org.testng.remote.AbstractRemoteTestNG.run(AbstractRemoteTestNG.java:115)
	at org.testng.remote.RemoteTestNG.initAndRun(RemoteTestNG.java:251)
	at org.testng.remote.RemoteTestNG.main(RemoteTestNG.java:77)
</stack-trace>
            </failure>
            <steps>
                <step start="1595504097992" stop="1595504097992" status="passed">
                    <name>logStep[Deleted all the files in the specified folder]</name>
                    <title>Deleted all the files in the specified folder</title>
                </step>
                <step start="1595504104496" stop="1595504104496" status="passed">
                    <name>logStep[Clicking on day15]</name>
                    <title>Clicking on day15</title>
                </step>
                <step start="1595504119995" stop="1595504119996" status="passed">
                    <name>logStep[Exporting The Session Data Into XML File]</name>
                    <title>Exporting The Session Data Into XML File</title>
                </step>
                <step start="1595504135093" stop="1595504135093" status="passed">
                    <name>logStep[Exported Session]</name>
                    <title>Exported Session</title>
                </step>
                <step start="1595504135123" stop="1595504135123" status="passed">
                    <name>logStep[Checking iu from charles data]</name>
                    <title>Checking iu from charles data</title>
                </step>
                <step start="1595504135123" stop="1595504135123" status="passed">
                    <name>logStep[iu value should not be null]</name>
                    <title>iu value should not be null</title>
                </step>
                <step start="1595504135446" stop="1595504135446" status="passed">
                    <name>logStep[iu=%2F7646%2Fapp_android_us%2Fdb_display%2Fdetails%2F10day_Thu1 was not trigered]</name>
                    <title>iu=%2F7646%2Fapp_android_us%2Fdb_display%2Fdetails%2F10day_Thu1 was not trigered</title>
                </step>
            </steps>
            <attachments/>
            <labels>
                <label name="testSuite" value="Default suite"/>
                <label name="testGroup" value="Default test"/>
                <label name="testClass" value="twc.Automation.SmokeTestCases.smokeTestCases"/>
                <label name="testMethod" value="Smoke_Test_Verifying_newdailydetails_day15adcall"/>
                <label name="host" value="Aswinikumars-MacBook-Pro.local"/>
                <label name="thread" value="3893@Aswinikumars-MacBook-Pro.local.main(1)"/>
            </labels>
        </test-case>
    </test-cases>
    <labels>
        <label name="framework" value="TestNG"/>
        <label name="language" value="JAVA"/>
    </labels>
</ns2:test-suite>
