<?xml version="1.0" encoding="UTF-8" standalone="yes"?>
<ns2:test-suite start="1595503114835" stop="1595503148206" version="1.5.4" xmlns:ns2="urn:model.allure.qatools.yandex.ru">
    <name>Default suite : Default test</name>
    <title>Default suite : Default test</title>
    <test-cases>
        <test-case start="1595503115095" stop="1595503115101" status="pending">
            <name>Smoke_Test_amazon_aax_Dailydetails_Day12adcall</name>
            <title>Verifying amazon Slot Id for daily details day12  ad calll</title>
            <description></description>
            <failure>
                <message>Test not implemented yet</message>
                <stack-trace>There are no stack trace</stack-trace>
            </failure>
            <steps/>
            <attachments/>
            <labels>
                <label name="host" value="Aswinikumars-MacBook-Pro.local"/>
                <label name="thread" value="3887@Aswinikumars-MacBook-Pro.local.main(1)"/>
            </labels>
        </test-case>
        <test-case start="1595503115101" stop="1595503115101" status="pending">
            <name>Smoke_Test_Verifying_newdailydetails_day5adcall</name>
            <title>Verifying new daily details day5 ad call</title>
            <description></description>
            <failure>
                <message>Test not implemented yet</message>
                <stack-trace>There are no stack trace</stack-trace>
            </failure>
            <steps/>
            <attachments/>
            <labels>
                <label name="host" value="Aswinikumars-MacBook-Pro.local"/>
                <label name="thread" value="3887@Aswinikumars-MacBook-Pro.local.main(1)"/>
            </labels>
        </test-case>
        <test-case start="1595503115102" stop="1595503115102" status="pending">
            <name>Smoke_Test_amazon_aax_Dailydetails_Day6adcall</name>
            <title>Verifying amazon Slot Id for daily details day6 ad calll</title>
            <description></description>
            <failure>
                <message>Test not implemented yet</message>
                <stack-trace>There are no stack trace</stack-trace>
            </failure>
            <steps/>
            <attachments/>
            <labels>
                <label name="host" value="Aswinikumars-MacBook-Pro.local"/>
                <label name="thread" value="3887@Aswinikumars-MacBook-Pro.local.main(1)"/>
            </labels>
        </test-case>
        <test-case start="1595503115102" stop="1595503115102" status="pending">
            <name>Smoke_Test_amazon_aax_Dailydetails_Day4adcall</name>
            <title>Verifying amazon Slot Id for daily details day4 ad calll</title>
            <description></description>
            <failure>
                <message>Test not implemented yet</message>
                <stack-trace>There are no stack trace</stack-trace>
            </failure>
            <steps/>
            <attachments/>
            <labels>
                <label name="host" value="Aswinikumars-MacBook-Pro.local"/>
                <label name="thread" value="3887@Aswinikumars-MacBook-Pro.local.main(1)"/>
            </labels>
        </test-case>
        <test-case start="1595503115102" stop="1595503115102" status="pending">
            <name>Smoke_Test_amazon_aax_Dailydetails_Day11adcall</name>
            <title>Verifying amazon Slot Id for daily details day11  ad calll</title>
            <description></description>
            <failure>
                <message>Test not implemented yet</message>
                <stack-trace>There are no stack trace</stack-trace>
            </failure>
            <steps/>
            <attachments/>
            <labels>
                <label name="host" value="Aswinikumars-MacBook-Pro.local"/>
                <label name="thread" value="3887@Aswinikumars-MacBook-Pro.local.main(1)"/>
            </labels>
        </test-case>
        <test-case start="1595503115102" stop="1595503115102" status="pending">
            <name>Smoke_Test_amazon_aax_Dailydetails_Day5adcall</name>
            <title>Verifying amazon Slot Id for daily details day5 ad calll</title>
            <description></description>
            <failure>
                <message>Test not implemented yet</message>
                <stack-trace>There are no stack trace</stack-trace>
            </failure>
            <steps/>
            <attachments/>
            <labels>
                <label name="host" value="Aswinikumars-MacBook-Pro.local"/>
                <label name="thread" value="3887@Aswinikumars-MacBook-Pro.local.main(1)"/>
            </labels>
        </test-case>
        <test-case start="1595503115102" stop="1595503115102" status="pending">
            <name>Smoke_Test_amazon_aax_Dailydetails_Day15adcall</name>
            <title>Verifying amazon Slot Id for daily details day15  ad calll</title>
            <description></description>
            <failure>
                <message>Test not implemented yet</message>
                <stack-trace>There are no stack trace</stack-trace>
            </failure>
            <steps/>
            <attachments/>
            <labels>
                <label name="host" value="Aswinikumars-MacBook-Pro.local"/>
                <label name="thread" value="3887@Aswinikumars-MacBook-Pro.local.main(1)"/>
            </labels>
        </test-case>
        <test-case start="1595503115102" stop="1595503115102" status="pending">
            <name>Smoke_Test_amazon_aax_Dailydetails_Day9adcall</name>
            <title>Verifying amazon Slot Id for daily details day9 ad calll</title>
            <description></description>
            <failure>
                <message>Test not implemented yet</message>
                <stack-trace>There are no stack trace</stack-trace>
            </failure>
            <steps/>
            <attachments/>
            <labels>
                <label name="host" value="Aswinikumars-MacBook-Pro.local"/>
                <label name="thread" value="3887@Aswinikumars-MacBook-Pro.local.main(1)"/>
            </labels>
        </test-case>
        <test-case start="1595503115103" stop="1595503115103" status="pending">
            <name>Smoke_Test_amazon_aax_Dailydetails_Day10adcall</name>
            <title>Verifying amazon Slot Id for daily details day10  ad calll</title>
            <description></description>
            <failure>
                <message>Test not implemented yet</message>
                <stack-trace>There are no stack trace</stack-trace>
            </failure>
            <steps/>
            <attachments/>
            <labels>
                <label name="host" value="Aswinikumars-MacBook-Pro.local"/>
                <label name="thread" value="3887@Aswinikumars-MacBook-Pro.local.main(1)"/>
            </labels>
        </test-case>
        <test-case start="1595503115103" stop="1595503115103" status="pending">
            <name>Smoke_Test_amazon_aax_Dailydetails_Day2adcall</name>
            <title>Verifying amazon Slot Id for daily details day2 ad calll</title>
            <description></description>
            <failure>
                <message>Test not implemented yet</message>
                <stack-trace>There are no stack trace</stack-trace>
            </failure>
            <steps/>
            <attachments/>
            <labels>
                <label name="host" value="Aswinikumars-MacBook-Pro.local"/>
                <label name="thread" value="3887@Aswinikumars-MacBook-Pro.local.main(1)"/>
            </labels>
        </test-case>
        <test-case start="1595503115103" stop="1595503115103" status="pending">
            <name>Smoke_Test_amazon_aax_Dailydetails_Day14adcall</name>
            <title>Verifying amazon Slot Id for daily details day14  ad calll</title>
            <description></description>
            <failure>
                <message>Test not implemented yet</message>
                <stack-trace>There are no stack trace</stack-trace>
            </failure>
            <steps/>
            <attachments/>
            <labels>
                <label name="host" value="Aswinikumars-MacBook-Pro.local"/>
                <label name="thread" value="3887@Aswinikumars-MacBook-Pro.local.main(1)"/>
            </labels>
        </test-case>
        <test-case start="1595503115103" stop="1595503115103" status="pending">
            <name>Smoke_Test_amazon_aax_Dailydetails_Day13adcall</name>
            <title>Verifying amazon Slot Id for daily details day13  ad calll</title>
            <description></description>
            <failure>
                <message>Test not implemented yet</message>
                <stack-trace>There are no stack trace</stack-trace>
            </failure>
            <steps/>
            <attachments/>
            <labels>
                <label name="host" value="Aswinikumars-MacBook-Pro.local"/>
                <label name="thread" value="3887@Aswinikumars-MacBook-Pro.local.main(1)"/>
            </labels>
        </test-case>
        <test-case start="1595503115103" stop="1595503115103" status="pending">
            <name>Smoke_Test_amazon_aax_Daily_details_Day1_adcall</name>
            <title>Verifying amazon Slot Id for daily details day1 ad calll</title>
            <description></description>
            <failure>
                <message>Test not implemented yet</message>
                <stack-trace>There are no stack trace</stack-trace>
            </failure>
            <steps/>
            <attachments/>
            <labels>
                <label name="host" value="Aswinikumars-MacBook-Pro.local"/>
                <label name="thread" value="3887@Aswinikumars-MacBook-Pro.local.main(1)"/>
            </labels>
        </test-case>
        <test-case start="1595503115104" stop="1595503115104" status="pending">
            <name>Smoke_Test_amazon_aax_Dailydetails_Day8adcall</name>
            <title>Verifying amazon Slot Id for daily details day8 ad calll</title>
            <description></description>
            <failure>
                <message>Test not implemented yet</message>
                <stack-trace>There are no stack trace</stack-trace>
            </failure>
            <steps/>
            <attachments/>
            <labels>
                <label name="host" value="Aswinikumars-MacBook-Pro.local"/>
                <label name="thread" value="3887@Aswinikumars-MacBook-Pro.local.main(1)"/>
            </labels>
        </test-case>
        <test-case start="1595503115104" stop="1595503115104" status="pending">
            <name>Smoke_Test_amazon_aax_Dailydetails_Day3adcall</name>
            <title>Verifying amazon Slot Id for daily details day3 ad calll</title>
            <description></description>
            <failure>
                <message>Test not implemented yet</message>
                <stack-trace>There are no stack trace</stack-trace>
            </failure>
            <steps/>
            <attachments/>
            <labels>
                <label name="host" value="Aswinikumars-MacBook-Pro.local"/>
                <label name="thread" value="3887@Aswinikumars-MacBook-Pro.local.main(1)"/>
            </labels>
        </test-case>
        <test-case start="1595503115104" stop="1595503115104" status="pending">
            <name>Smoke_Test_amazon_aax_Dailydetails_Day7adcall</name>
            <title>Verifying amazon Slot Id for daily details day7 ad calll</title>
            <description></description>
            <failure>
                <message>Test not implemented yet</message>
                <stack-trace>There are no stack trace</stack-trace>
            </failure>
            <steps/>
            <attachments/>
            <labels>
                <label name="host" value="Aswinikumars-MacBook-Pro.local"/>
                <label name="thread" value="3887@Aswinikumars-MacBook-Pro.local.main(1)"/>
            </labels>
        </test-case>
        <test-case start="1595503114835" stop="1595503148204" status="broken">
            <name>Default suite : Default test</name>
            <title>Default suite : Default test</title>
            <failure>
                <message>Test suite was interrupted, some test cases may be lost</message>
            </failure>
        </test-case>
    </test-cases>
    <labels>
        <label name="framework" value="TestNG"/>
        <label name="language" value="JAVA"/>
    </labels>
</ns2:test-suite>
